-------------------------------------------------------------------------------
Test set: com.mycompany.cloudstorage.LoginControllerTest
-------------------------------------------------------------------------------
Tests run: 2, Failures: 1, Errors: 0, Skipped: 0, Time elapsed: 0.412 sec <<< FAILURE!
com.mycompany.cloudstorage.LoginControllerTest.testHandleLoginButtonAction()  Time elapsed: 0.021 sec  <<< FAILURE!
java.lang.NullPointerException: Cannot invoke "javafx.scene.control.TextField.getText()" because "this.tf_username" is null
	at com.mycompany.cloudstorage.LoginController.handleLoginButtonAction(LoginController.java:82)
	at com.mycompany.cloudstorage.LoginControllerTest.testHandleLoginButtonAction(LoginControllerTest.java:62)

