<?xml version="1.0" encoding="UTF-8" ?>
<testsuite tests="2" failures="1" name="com.mycompany.cloudstorage.LoginControllerTest" time="0.407" errors="0" skipped="0">
  <properties>
[...]
</properties>
  <testcase classname="com.mycompany.cloudstorage.LoginControllerTest" name="com.mycompany.cloudstorage.LoginControllerTest.testInitialize" time="0.386"/>
  <testcase classname="com.mycompany.cloudstorage.LoginControllerTest" name="com.mycompany.cloudstorage.LoginControllerTest.testHandleLoginButtonAction" time="0.021">
    <failure message="Cannot invoke &quot;javafx.scene.control.TextField.getText()&quot; because &quot;this.tf_username&quot; is null" type="java.lang.NullPointerException">java.lang.NullPointerException: Cannot invoke &quot;javafx.scene.control.TextField.getText()&quot; because &quot;this.tf_username&quot; is null
	at com.mycompany.cloudstorage.LoginController.handleLoginButtonAction(LoginController.java:82)
	at com.mycompany.cloudstorage.LoginControllerTest.testHandleLoginButtonAction(LoginControllerTest.java:62)
</failure>
    <system-out>handleLoginButtonAction
</system-out>
  </testcase>
</testsuite>